<?xml version="1.0" encoding="UTF-8"?>
<!-- Generated by org.testng.reporters.JUnitReportReporter -->
<testsuite hostname="WIN-28WDQBWIDT4" name="sample.OpenBrowser" tests="1" failures="0" timestamp="22 Apr 2015 15:14:30 GMT" time="45.000" errors="0">
  <testcase name="testURLs" time="45.000" classname="sample.OpenBrowser"/>
</testsuite> <!-- sample.OpenBrowser -->
